android/app/build/intermediates/manifest_merge_blame_file/release/manifest-merger-blame-release-report.txt
1<?xml version="1.0" encoding="utf-8"?>
2<manifest xmlns:android="http://schemas.android.com/apk/res/android"
3    package="com.foodiee"
4    android:versionCode="1"
5    android:versionName="1.0" >
6
7    <uses-sdk
8        android:minSdkVersion="16"
8-->src/main/AndroidManifest.xml
9        android:targetSdkVersion="28" />
9-->src/main/AndroidManifest.xml
10
11    <uses-permission android:name="android.permission.INTERNET" />
11-->src/main/AndroidManifest.xml:4:5-67
11-->src/main/AndroidManifest.xml:4:22-64
12    <uses-permission android:name="android.permission.SYSTEM_ALERT_WINDOW" />
12-->src/main/AndroidManifest.xml:5:5-77
12-->src/main/AndroidManifest.xml:5:22-75
13    <uses-permission android:name="android.permission.CAMERA" />
13-->src/main/AndroidManifest.xml:6:5-65
13-->src/main/AndroidManifest.xml:6:22-62
14    <uses-permission android:name="android.permission.WRITE_EXTERNAL_STORAGE" />
14-->src/main/AndroidManifest.xml:7:5-80
14-->src/main/AndroidManifest.xml:7:22-78
15    <uses-permission android:name="android.permission.ACCESS_COURSE_LOCATION" />
15-->src/main/AndroidManifest.xml:8:5-80
15-->src/main/AndroidManifest.xml:8:22-78
16    <uses-permission android:name="android.permission.ACCESS_FINE_LOCATION" />
16-->src/main/AndroidManifest.xml:9:5-79
16-->src/main/AndroidManifest.xml:9:22-76
17    <uses-permission android:name="android.permission.ACCESS_COARSE_LOCATION" /> <!-- Include required permissions for Google Maps API to run. -->
17-->[:react-native-maps] AndroidManifest.xml:10:5-81
17-->[:react-native-maps] AndroidManifest.xml:10:22-78
18    <uses-permission android:name="android.permission.ACCESS_NETWORK_STATE" />
18-->[com.google.android.gms:play-services-maps:17.0.0] AndroidManifest.xml:23:5-79
18-->[com.google.android.gms:play-services-maps:17.0.0] AndroidManifest.xml:23:22-76
19
20    <uses-feature
20-->[com.google.android.gms:play-services-maps:17.0.0] AndroidManifest.xml:26:5-28:35
21        android:glEsVersion="0x00020000"
21-->[com.google.android.gms:play-services-maps:17.0.0] AndroidManifest.xml:27:9-41
22        android:required="true" />
22-->[com.google.android.gms:play-services-maps:17.0.0] AndroidManifest.xml:28:9-32
23
24    <application
24-->src/main/AndroidManifest.xml:11:5-36:19
25        android:name="com.foodiee.MainApplication"
25-->src/main/AndroidManifest.xml:12:9-40
26        android:allowBackup="false"
26-->src/main/AndroidManifest.xml:13:9-36
27        android:appComponentFactory="androidx.core.app.CoreComponentFactory"
27-->[androidx.core:core:1.0.1] AndroidManifest.xml:22:18-86
28        android:icon="@mipmap/ic_launcher"
28-->src/main/AndroidManifest.xml:14:9-43
29        android:label="@string/app_name"
29-->src/main/AndroidManifest.xml:15:9-41
30        android:roundIcon="@mipmap/ic_launcher_round"
30-->src/main/AndroidManifest.xml:16:9-54
31        android:theme="@style/AppTheme"
31-->src/main/AndroidManifest.xml:17:9-40
32        android:usesCleartextTraffic="true" >
32-->src/main/AndroidManifest.xml:18:9-44
33        <activity
33-->src/main/AndroidManifest.xml:20:9-29:20
34            android:name="com.foodiee.MainActivity"
34-->src/main/AndroidManifest.xml:21:13-41
35            android:configChanges="keyboard|keyboardHidden|orientation|screenSize"
35-->src/main/AndroidManifest.xml:22:13-83
36            android:label="@string/app_name"
36-->src/main/AndroidManifest.xml:23:13-45
37            android:windowSoftInputMode="adjustResize" >
37-->src/main/AndroidManifest.xml:24:13-55
38            <intent-filter>
38-->src/main/AndroidManifest.xml:25:13-28:29
39                <action android:name="android.intent.action.MAIN" />
39-->src/main/AndroidManifest.xml:26:17-69
39-->src/main/AndroidManifest.xml:26:25-66
40
41                <category android:name="android.intent.category.LAUNCHER" />
41-->src/main/AndroidManifest.xml:27:17-77
41-->src/main/AndroidManifest.xml:27:27-74
42            </intent-filter>
43        </activity>
44        <activity android:name="com.facebook.react.devsupport.DevSettingsActivity" />
44-->src/main/AndroidManifest.xml:30:9-86
44-->src/main/AndroidManifest.xml:30:19-83
45
46        <meta-data
46-->src/main/AndroidManifest.xml:32:9-34:68
47            android:name="com.google.android.geo.API_KEY"
47-->src/main/AndroidManifest.xml:33:11-56
48            android:value="AIzaSyAE2uNPzhJXNZATogQB6Et_c2GWNXlh9Ts" />
48-->src/main/AndroidManifest.xml:34:11-66
49
50        <!-- Needs to be explicitly declared on P+ -->
51        <uses-library
51-->[com.google.android.gms:play-services-maps:17.0.0] AndroidManifest.xml:33:9-35:40
52            android:name="org.apache.http.legacy"
52-->[com.google.android.gms:play-services-maps:17.0.0] AndroidManifest.xml:34:13-50
53            android:required="false" />
53-->[com.google.android.gms:play-services-maps:17.0.0] AndroidManifest.xml:35:13-37
54
55        <activity
55-->[com.google.android.gms:play-services-base:17.1.0] AndroidManifest.xml:23:9-26:75
56            android:name="com.google.android.gms.common.api.GoogleApiActivity"
56-->[com.google.android.gms:play-services-base:17.1.0] AndroidManifest.xml:24:13-79
57            android:exported="false"
57-->[com.google.android.gms:play-services-base:17.1.0] AndroidManifest.xml:25:13-37
58            android:theme="@android:style/Theme.Translucent.NoTitleBar" />
58-->[com.google.android.gms:play-services-base:17.1.0] AndroidManifest.xml:26:13-72
59
60        <provider
60-->[:react-native-image-picker] AndroidManifest.xml:10:9-18:20
61            android:name="com.imagepicker.FileProvider"
61-->[:react-native-image-picker] AndroidManifest.xml:11:13-56
62            android:authorities="com.foodiee.provider"
62-->[:react-native-image-picker] AndroidManifest.xml:12:13-60
63            android:exported="false"
63-->[:react-native-image-picker] AndroidManifest.xml:13:13-37
64            android:grantUriPermissions="true" >
64-->[:react-native-image-picker] AndroidManifest.xml:14:13-47
65            <meta-data
65-->[:react-native-image-picker] AndroidManifest.xml:15:13-17:58
66                android:name="android.support.FILE_PROVIDER_PATHS"
66-->[:react-native-image-picker] AndroidManifest.xml:16:17-67
67                android:resource="@xml/provider_paths" />
67-->[:react-native-image-picker] AndroidManifest.xml:17:17-55
68        </provider>
69
70        <meta-data
70-->[com.google.maps.android:android-maps-utils:0.5] AndroidManifest.xml:8:9-10:69
71            android:name="com.google.android.gms.version"
71-->[com.google.maps.android:android-maps-utils:0.5] AndroidManifest.xml:9:13-58
72            android:value="@integer/google_play_services_version" />
72-->[com.google.maps.android:android-maps-utils:0.5] AndroidManifest.xml:10:13-66
73    </application>
74
75</manifest>